# JRE version: OpenJDK Runtime Environment Temurin-17.0.5+8 (17.0.5+8) (build 17.0.5+8)
# Java VM: OpenJDK 64-Bit Server VM Temurin-17.0.5+8 (17.0.5+8, mixed mode, tiered, compressed oops, compressed class ptrs, parallel gc, windows-amd64)
GC Precious Log:
 CPUs: 12 total, 12 available
 Memory: 15741M
 Large Page Support: Disabled
 NUMA Support: Disabled
 Compressed Oops: Enabled (32-bit)
 Alignments: Space 512K, Generation 512K, Heap 2M
 Heap Min Capacity: 100M
 Heap Initial Capacity: 100M
 Heap Max Capacity: 1G
 Pre-touch: Disabled
 Parallel Workers: 10
Heap:
 PSYoungGen      total 23040K, used 4279K [0x00000000eab00000, 0x00000000ec600000, 0x0000000100000000)
  eden space 22016K, 14% used [0x00000000eab00000,0x00000000eae2df20,0x00000000ec080000)
  from space 1024K, 100% used [0x00000000ec500000,0x00000000ec600000,0x00000000ec600000)
  to   space 2048K, 0% used [0x00000000ec200000,0x00000000ec200000,0x00000000ec400000)
 ParOldGen       total 68608K, used 15178K [0x00000000c0000000, 0x00000000c4300000, 0x00000000eab00000)
  object space 68608K, 22% used [0x00000000c0000000,0x00000000c0ed2bb0,0x00000000c4300000)
 Metaspace       used 43183K, committed 44224K, reserved 1089536K
  class space    used 4660K, committed 5120K, reserved 1048576K
GC Heap History (20 events):
Event: 5.037 GC heap before
{Heap before GC invocations=5 (full 1):
 PSYoungGen      total 29696K, used 4076K [0x00000000eab00000, 0x00000000ecc00000, 0x0000000100000000)
  eden space 25600K, 0% used [0x00000000eab00000,0x00000000eab00000,0x00000000ec400000)
  from space 4096K, 99% used [0x00000000ec800000,0x00000000ecbfb018,0x00000000ecc00000)
  to   space 4096K, 0% used [0x00000000ec400000,0x00000000ec400000,0x00000000ec800000)
 ParOldGen       total 68608K, used 4162K [0x00000000c0000000, 0x00000000c4300000, 0x00000000eab00000)
  object space 68608K, 6% used [0x00000000c0000000,0x00000000c04109d8,0x00000000c4300000)
 Metaspace       used 21052K, committed 21504K, reserved 1073152K
  class space    used 2154K, committed 2368K, reserved 1048576K
}
Event: 5.057 GC heap after
{Heap after GC invocations=5 (full 1):
 PSYoungGen      total 29696K, used 0K [0x00000000eab00000, 0x00000000ecc00000, 0x0000000100000000)
  eden space 25600K, 0% used [0x00000000eab00000,0x00000000eab00000,0x00000000ec400000)
  from space 4096K, 0% used [0x00000000ec800000,0x00000000ec800000,0x00000000ecc00000)
  to   space 4096K, 0% used [0x00000000ec400000,0x00000000ec400000,0x00000000ec800000)
 ParOldGen       total 68608K, used 8038K [0x00000000c0000000, 0x00000000c4300000, 0x00000000eab00000)
  object space 68608K, 11% used [0x00000000c0000000,0x00000000c07d9990,0x00000000c4300000)
 Metaspace       used 21039K, committed 21504K, reserved 1073152K
  class space    used 2150K, committed 2368K, reserved 1048576K
}
Event: 6.874 GC heap before
{Heap before GC invocations=6 (full 1):
 PSYoungGen      total 29696K, used 25600K [0x00000000eab00000, 0x00000000ecc00000, 0x0000000100000000)
  eden space 25600K, 100% used [0x00000000eab00000,0x00000000ec400000,0x00000000ec400000)
  from space 4096K, 0% used [0x00000000ec800000,0x00000000ec800000,0x00000000ecc00000)
  to   space 4096K, 0% used [0x00000000ec400000,0x00000000ec400000,0x00000000ec800000)
 ParOldGen       total 68608K, used 8038K [0x00000000c0000000, 0x00000000c4300000, 0x00000000eab00000)
  object space 68608K, 11% used [0x00000000c0000000,0x00000000c07d9990,0x00000000c4300000)
 Metaspace       used 24089K, committed 24768K, reserved 1073152K
  class space    used 2538K, committed 2816K, reserved 1048576K
}
Event: 6.875 GC heap after
{Heap after GC invocations=6 (full 1):
 PSYoungGen      total 27648K, used 2274K [0x00000000eab00000, 0x00000000eca80000, 0x0000000100000000)
  eden space 25088K, 0% used [0x00000000eab00000,0x00000000eab00000,0x00000000ec380000)
  from space 2560K, 88% used [0x00000000ec400000,0x00000000ec638ab8,0x00000000ec680000)
  to   space 3584K, 0% used [0x00000000ec700000,0x00000000ec700000,0x00000000eca80000)
 ParOldGen       total 68608K, used 8046K [0x00000000c0000000, 0x00000000c4300000, 0x00000000eab00000)
  object space 68608K, 11% used [0x00000000c0000000,0x00000000c07db990,0x00000000c4300000)
 Metaspace       used 24089K, committed 24768K, reserved 1073152K
  class space    used 2538K, committed 2816K, reserved 1048576K
}
Event: 7.067 GC heap before
{Heap before GC invocations=7 (full 1):
 PSYoungGen      total 27648K, used 27362K [0x00000000eab00000, 0x00000000eca80000, 0x0000000100000000)
  eden space 25088K, 100% used [0x00000000eab00000,0x00000000ec380000,0x00000000ec380000)
  from space 2560K, 88% used [0x00000000ec400000,0x00000000ec638ab8,0x00000000ec680000)
  to   space 3584K, 0% used [0x00000000ec700000,0x00000000ec700000,0x00000000eca80000)
 ParOldGen       total 68608K, used 8046K [0x00000000c0000000, 0x00000000c4300000, 0x00000000eab00000)
  object space 68608K, 11% used [0x00000000c0000000,0x00000000c07db990,0x00000000c4300000)
 Metaspace       used 27536K, committed 28224K, reserved 1081344K
  class space    used 2784K, committed 3072K, reserved 1048576K
}
Event: 7.069 GC heap after
{Heap after GC invocations=7 (full 1):
 PSYoungGen      total 28160K, used 3073K [0x00000000eab00000, 0x00000000eca80000, 0x0000000100000000)
  eden space 24576K, 0% used [0x00000000eab00000,0x00000000eab00000,0x00000000ec300000)
  from space 3584K, 85% used [0x00000000ec700000,0x00000000eca00458,0x00000000eca80000)
  to   space 3584K, 0% used [0x00000000ec380000,0x00000000ec380000,0x00000000ec700000)
 ParOldGen       total 68608K, used 8054K [0x00000000c0000000, 0x00000000c4300000, 0x00000000eab00000)
  object space 68608K, 11% used [0x00000000c0000000,0x00000000c07dd990,0x00000000c4300000)
 Metaspace       used 27536K, committed 28224K, reserved 1081344K
  class space    used 2784K, committed 3072K, reserved 1048576K
}
Event: 7.285 GC heap before
{Heap before GC invocations=8 (full 1):
 PSYoungGen      total 28160K, used 27649K [0x00000000eab00000, 0x00000000eca80000, 0x0000000100000000)
  eden space 24576K, 100% used [0x00000000eab00000,0x00000000ec300000,0x00000000ec300000)
  from space 3584K, 85% used [0x00000000ec700000,0x00000000eca00458,0x00000000eca80000)
  to   space 3584K, 0% used [0x00000000ec380000,0x00000000ec380000,0x00000000ec700000)
 ParOldGen       total 68608K, used 8054K [0x00000000c0000000, 0x00000000c4300000, 0x00000000eab00000)
  object space 68608K, 11% used [0x00000000c0000000,0x00000000c07dd990,0x00000000c4300000)
 Metaspace       used 30160K, committed 30912K, reserved 1081344K
  class space    used 2997K, committed 3328K, reserved 1048576K
}
Event: 7.288 GC heap after
{Heap after GC invocations=8 (full 1):
 PSYoungGen      total 27648K, used 3558K [0x00000000eab00000, 0x00000000eca80000, 0x0000000100000000)
  eden space 24064K, 0% used [0x00000000eab00000,0x00000000eab00000,0x00000000ec280000)
  from space 3584K, 99% used [0x00000000ec380000,0x00000000ec6f9828,0x00000000ec700000)
  to   space 3584K, 0% used [0x00000000ec700000,0x00000000ec700000,0x00000000eca80000)
 ParOldGen       total 68608K, used 8254K [0x00000000c0000000, 0x00000000c4300000, 0x00000000eab00000)
  object space 68608K, 12% used [0x00000000c0000000,0x00000000c080f990,0x00000000c4300000)
 Metaspace       used 30160K, committed 30912K, reserved 1081344K
  class space    used 2997K, committed 3328K, reserved 1048576K
}
Event: 7.970 GC heap before
{Heap before GC invocations=9 (full 1):
 PSYoungGen      total 27648K, used 27622K [0x00000000eab00000, 0x00000000eca80000, 0x0000000100000000)
  eden space 24064K, 100% used [0x00000000eab00000,0x00000000ec280000,0x00000000ec280000)
  from space 3584K, 99% used [0x00000000ec380000,0x00000000ec6f9828,0x00000000ec700000)
  to   space 3584K, 0% used [0x00000000ec700000,0x00000000ec700000,0x00000000eca80000)
 ParOldGen       total 68608K, used 8254K [0x00000000c0000000, 0x00000000c4300000, 0x00000000eab00000)
  object space 68608K, 12% used [0x00000000c0000000,0x00000000c080f990,0x00000000c4300000)
 Metaspace       used 34300K, committed 35200K, reserved 1081344K
  class space    used 3474K, committed 3904K, reserved 1048576K
}
Event: 7.973 GC heap after
{Heap after GC invocations=9 (full 1):
 PSYoungGen      total 26112K, used 3576K [0x00000000eab00000, 0x00000000ece00000, 0x0000000100000000)
  eden space 22528K, 0% used [0x00000000eab00000,0x00000000eab00000,0x00000000ec100000)
  from space 3584K, 99% used [0x00000000ec700000,0x00000000eca7e3a8,0x00000000eca80000)
  to   space 6144K, 0% used [0x00000000ec100000,0x00000000ec100000,0x00000000ec700000)
 ParOldGen       total 68608K, used 10034K [0x00000000c0000000, 0x00000000c4300000, 0x00000000eab00000)
  object space 68608K, 14% used [0x00000000c0000000,0x00000000c09cc8a8,0x00000000c4300000)
 Metaspace       used 34300K, committed 35200K, reserved 1081344K
  class space    used 3474K, committed 3904K, reserved 1048576K
}
Event: 8.050 GC heap before
{Heap before GC invocations=10 (full 1):
 PSYoungGen      total 26112K, used 8558K [0x00000000eab00000, 0x00000000ece00000, 0x0000000100000000)
  eden space 22528K, 22% used [0x00000000eab00000,0x00000000eafdd5e8,0x00000000ec100000)
  from space 3584K, 99% used [0x00000000ec700000,0x00000000eca7e3a8,0x00000000eca80000)
  to   space 6144K, 0% used [0x00000000ec100000,0x00000000ec100000,0x00000000ec700000)
 ParOldGen       total 68608K, used 10034K [0x00000000c0000000, 0x00000000c4300000, 0x00000000eab00000)
  object space 68608K, 14% used [0x00000000c0000000,0x00000000c09cc8a8,0x00000000c4300000)
 Metaspace       used 35033K, committed 35840K, reserved 1081344K
  class space    used 3575K, committed 3968K, reserved 1048576K
}
Event: 8.052 GC heap after
{Heap after GC invocations=10 (full 1):
 PSYoungGen      total 24576K, used 1927K [0x00000000eab00000, 0x00000000ec900000, 0x0000000100000000)
  eden space 22528K, 0% used [0x00000000eab00000,0x00000000eab00000,0x00000000ec100000)
  from space 2048K, 94% used [0x00000000ec100000,0x00000000ec2e1f50,0x00000000ec300000)
  to   space 3584K, 0% used [0x00000000ec580000,0x00000000ec580000,0x00000000ec900000)
 ParOldGen       total 68608K, used 11998K [0x00000000c0000000, 0x00000000c4300000, 0x00000000eab00000)
  object space 68608K, 17% used [0x00000000c0000000,0x00000000c0bb7af0,0x00000000c4300000)
 Metaspace       used 35033K, committed 35840K, reserved 1081344K
  class space    used 3575K, committed 3968K, reserved 1048576K
}
Event: 8.052 GC heap before
{Heap before GC invocations=11 (full 2):
 PSYoungGen      total 24576K, used 1927K [0x00000000eab00000, 0x00000000ec900000, 0x0000000100000000)
  eden space 22528K, 0% used [0x00000000eab00000,0x00000000eab00000,0x00000000ec100000)
  from space 2048K, 94% used [0x00000000ec100000,0x00000000ec2e1f50,0x00000000ec300000)
  to   space 3584K, 0% used [0x00000000ec580000,0x00000000ec580000,0x00000000ec900000)
 ParOldGen       total 68608K, used 11998K [0x00000000c0000000, 0x00000000c4300000, 0x00000000eab00000)
  object space 68608K, 17% used [0x00000000c0000000,0x00000000c0bb7af0,0x00000000c4300000)
 Metaspace       used 35033K, committed 35840K, reserved 1081344K
  class space    used 3575K, committed 3968K, reserved 1048576K
}
Event: 8.071 GC heap after
{Heap after GC invocations=11 (full 2):
 PSYoungGen      total 24576K, used 0K [0x00000000eab00000, 0x00000000ec900000, 0x0000000100000000)
  eden space 22528K, 0% used [0x00000000eab00000,0x00000000eab00000,0x00000000ec100000)
  from space 2048K, 0% used [0x00000000ec100000,0x00000000ec100000,0x00000000ec300000)
  to   space 3584K, 0% used [0x00000000ec580000,0x00000000ec580000,0x00000000ec900000)
 ParOldGen       total 68608K, used 13542K [0x00000000c0000000, 0x00000000c4300000, 0x00000000eab00000)
  object space 68608K, 19% used [0x00000000c0000000,0x00000000c0d39ba8,0x00000000c4300000)
 Metaspace       used 35033K, committed 35840K, reserved 1081344K
  class space    used 3575K, committed 3968K, reserved 1048576K
}
Event: 8.249 GC heap before
{Heap before GC invocations=12 (full 2):
 PSYoungGen      total 24576K, used 22528K [0x00000000eab00000, 0x00000000ec900000, 0x0000000100000000)
  eden space 22528K, 100% used [0x00000000eab00000,0x00000000ec100000,0x00000000ec100000)
  from space 2048K, 0% used [0x00000000ec100000,0x00000000ec100000,0x00000000ec300000)
  to   space 3584K, 0% used [0x00000000ec580000,0x00000000ec580000,0x00000000ec900000)
 ParOldGen       total 68608K, used 13542K [0x00000000c0000000, 0x00000000c4300000, 0x00000000eab00000)
  object space 68608K, 19% used [0x00000000c0000000,0x00000000c0d39ba8,0x00000000c4300000)
 Metaspace       used 38114K, committed 39104K, reserved 1089536K
  class space    used 4014K, committed 4480K, reserved 1048576K
}
Event: 8.250 GC heap after
{Heap after GC invocations=12 (full 2):
 PSYoungGen      total 23552K, used 1072K [0x00000000eab00000, 0x00000000ec700000, 0x0000000100000000)
  eden space 22016K, 0% used [0x00000000eab00000,0x00000000eab00000,0x00000000ec080000)
  from space 1536K, 69% used [0x00000000ec580000,0x00000000ec68c010,0x00000000ec700000)
  to   space 2048K, 0% used [0x00000000ec300000,0x00000000ec300000,0x00000000ec500000)
 ParOldGen       total 68608K, used 13550K [0x00000000c0000000, 0x00000000c4300000, 0x00000000eab00000)
  object space 68608K, 19% used [0x00000000c0000000,0x00000000c0d3bba8,0x00000000c4300000)
 Metaspace       used 38114K, committed 39104K, reserved 1089536K
  class space    used 4014K, committed 4480K, reserved 1048576K
}
Event: 8.530 GC heap before
{Heap before GC invocations=13 (full 2):
 PSYoungGen      total 23552K, used 23088K [0x00000000eab00000, 0x00000000ec700000, 0x0000000100000000)
  eden space 22016K, 100% used [0x00000000eab00000,0x00000000ec080000,0x00000000ec080000)
  from space 1536K, 69% used [0x00000000ec580000,0x00000000ec68c010,0x00000000ec700000)
  to   space 2048K, 0% used [0x00000000ec300000,0x00000000ec300000,0x00000000ec500000)
 ParOldGen       total 68608K, used 13550K [0x00000000c0000000, 0x00000000c4300000, 0x00000000eab00000)
  object space 68608K, 19% used [0x00000000c0000000,0x00000000c0d3bba8,0x00000000c4300000)
 Metaspace       used 40008K, committed 40960K, reserved 1089536K
  class space    used 4246K, committed 4672K, reserved 1048576K
}
Event: 8.531 GC heap after
{Heap after GC invocations=13 (full 2):
 PSYoungGen      total 24064K, used 832K [0x00000000eab00000, 0x00000000ec600000, 0x0000000100000000)
  eden space 22016K, 0% used [0x00000000eab00000,0x00000000eab00000,0x00000000ec080000)
  from space 2048K, 40% used [0x00000000ec300000,0x00000000ec3d0000,0x00000000ec500000)
  to   space 1024K, 0% used [0x00000000ec500000,0x00000000ec500000,0x00000000ec600000)
 ParOldGen       total 68608K, used 14374K [0x00000000c0000000, 0x00000000c4300000, 0x00000000eab00000)
  object space 68608K, 20% used [0x00000000c0000000,0x00000000c0e09980,0x00000000c4300000)
 Metaspace       used 40008K, committed 40960K, reserved 1089536K
  class space    used 4246K, committed 4672K, reserved 1048576K
}
Event: 9.035 GC heap before
{Heap before GC invocations=14 (full 2):
 PSYoungGen      total 24064K, used 22848K [0x00000000eab00000, 0x00000000ec600000, 0x0000000100000000)
  eden space 22016K, 100% used [0x00000000eab00000,0x00000000ec080000,0x00000000ec080000)
  from space 2048K, 40% used [0x00000000ec300000,0x00000000ec3d0000,0x00000000ec500000)
  to   space 1024K, 0% used [0x00000000ec500000,0x00000000ec500000,0x00000000ec600000)
 ParOldGen       total 68608K, used 14374K [0x00000000c0000000, 0x00000000c4300000, 0x00000000eab00000)
  object space 68608K, 20% used [0x00000000c0000000,0x00000000c0e09980,0x00000000c4300000)
 Metaspace       used 42644K, committed 43584K, reserved 1089536K
  class space    used 4621K, committed 5056K, reserved 1048576K
}
Event: 9.037 GC heap after
{Heap after GC invocations=14 (full 2):
 PSYoungGen      total 23040K, used 1024K [0x00000000eab00000, 0x00000000ec600000, 0x0000000100000000)
  eden space 22016K, 0% used [0x00000000eab00000,0x00000000eab00000,0x00000000ec080000)
  from space 1024K, 100% used [0x00000000ec500000,0x00000000ec600000,0x00000000ec600000)
  to   space 2048K, 0% used [0x00000000ec200000,0x00000000ec200000,0x00000000ec400000)
 ParOldGen       total 68608K, used 15178K [0x00000000c0000000, 0x00000000c4300000, 0x00000000eab00000)
  object space 68608K, 22% used [0x00000000c0000000,0x00000000c0ed2bb0,0x00000000c4300000)
 Metaspace       used 42644K, committed 43584K, reserved 1089536K
  class space    used 4621K, committed 5056K, reserved 1048576K
}

