# JRE version: OpenJDK Runtime Environment Temurin-17.0.5+8 (17.0.5+8) (build 17.0.5+8)
# Java VM: OpenJDK 64-Bit Server VM Temurin-17.0.5+8 (17.0.5+8, mixed mode, tiered, compressed oops, compressed class ptrs, parallel gc, windows-amd64)
GC Precious Log:
 CPUs: 12 total, 12 available
 Memory: 15741M
 Large Page Support: Disabled
 NUMA Support: Disabled
 Compressed Oops: Enabled (32-bit)
 Alignments: Space 512K, Generation 512K, Heap 2M
 Heap Min Capacity: 100M
 Heap Initial Capacity: 100M
 Heap Max Capacity: 1G
 Pre-touch: Disabled
 Parallel Workers: 10
Heap:
 PSYoungGen      total 5120K, used 4256K [0x00000000eab00000, 0x00000000eb280000, 0x0000000100000000)
  eden space 2048K, 100% used [0x00000000eab00000,0x00000000ead00000,0x00000000ead00000)
  from space 3072K, 71% used [0x00000000ead00000,0x00000000eaf28000,0x00000000eb000000)
  to   space 2560K, 85% used [0x00000000eb000000,0x00000000eb220000,0x00000000eb280000)
 ParOldGen       total 147968K, used 146884K [0x00000000c0000000, 0x00000000c9080000, 0x00000000eab00000)
  object space 147968K, 99% used [0x00000000c0000000,0x00000000c8f71330,0x00000000c9080000)
 Metaspace       used 80036K, committed 81280K, reserved 1122304K
  class space    used 8283K, committed 8832K, reserved 1048576K
GC Heap History (20 events):
Event: 20.975 GC heap after
{Heap after GC invocations=250 (full 11):
 PSYoungGen      total 3072K, used 996K [0x00000000eab00000, 0x00000000eb400000, 0x0000000100000000)
  eden space 2048K, 0% used [0x00000000eab00000,0x00000000eab00000,0x00000000ead00000)
  from space 1024K, 97% used [0x00000000eaf80000,0x00000000eb079210,0x00000000eb080000)
  to   space 2560K, 0% used [0x00000000ead00000,0x00000000ead00000,0x00000000eaf80000)
 ParOldGen       total 147968K, used 135996K [0x00000000c0000000, 0x00000000c9080000, 0x00000000eab00000)
  object space 147968K, 91% used [0x00000000c0000000,0x00000000c84cf230,0x00000000c9080000)
 Metaspace       used 79916K, committed 81152K, reserved 1122304K
  class space    used 8276K, committed 8832K, reserved 1048576K
}
Event: 20.981 GC heap before
{Heap before GC invocations=251 (full 11):
 PSYoungGen      total 3072K, used 3044K [0x00000000eab00000, 0x00000000eb400000, 0x0000000100000000)
  eden space 2048K, 100% used [0x00000000eab00000,0x00000000ead00000,0x00000000ead00000)
  from space 1024K, 97% used [0x00000000eaf80000,0x00000000eb079210,0x00000000eb080000)
  to   space 2560K, 0% used [0x00000000ead00000,0x00000000ead00000,0x00000000eaf80000)
 ParOldGen       total 147968K, used 135996K [0x00000000c0000000, 0x00000000c9080000, 0x00000000eab00000)
  object space 147968K, 91% used [0x00000000c0000000,0x00000000c84cf230,0x00000000c9080000)
 Metaspace       used 79918K, committed 81152K, reserved 1122304K
  class space    used 8276K, committed 8832K, reserved 1048576K
}
Event: 20.983 GC heap after
{Heap after GC invocations=251 (full 11):
 PSYoungGen      total 3072K, used 784K [0x00000000eab00000, 0x00000000eb080000, 0x0000000100000000)
  eden space 2048K, 0% used [0x00000000eab00000,0x00000000eab00000,0x00000000ead00000)
  from space 1024K, 76% used [0x00000000ead00000,0x00000000eadc4010,0x00000000eae00000)
  to   space 1536K, 0% used [0x00000000eaf00000,0x00000000eaf00000,0x00000000eb080000)
 ParOldGen       total 147968K, used 137032K [0x00000000c0000000, 0x00000000c9080000, 0x00000000eab00000)
  object space 147968K, 92% used [0x00000000c0000000,0x00000000c85d2010,0x00000000c9080000)
 Metaspace       used 79918K, committed 81152K, reserved 1122304K
  class space    used 8276K, committed 8832K, reserved 1048576K
}
Event: 20.992 GC heap before
{Heap before GC invocations=252 (full 11):
 PSYoungGen      total 3072K, used 2832K [0x00000000eab00000, 0x00000000eb080000, 0x0000000100000000)
  eden space 2048K, 100% used [0x00000000eab00000,0x00000000ead00000,0x00000000ead00000)
  from space 1024K, 76% used [0x00000000ead00000,0x00000000eadc4010,0x00000000eae00000)
  to   space 1536K, 0% used [0x00000000eaf00000,0x00000000eaf00000,0x00000000eb080000)
 ParOldGen       total 147968K, used 137032K [0x00000000c0000000, 0x00000000c9080000, 0x00000000eab00000)
  object space 147968K, 92% used [0x00000000c0000000,0x00000000c85d2010,0x00000000c9080000)
 Metaspace       used 79922K, committed 81152K, reserved 1122304K
  class space    used 8276K, committed 8832K, reserved 1048576K
}
Event: 20.993 GC heap after
{Heap after GC invocations=252 (full 11):
 PSYoungGen      total 3584K, used 922K [0x00000000eab00000, 0x00000000eb000000, 0x0000000100000000)
  eden space 2560K, 0% used [0x00000000eab00000,0x00000000eab00000,0x00000000ead80000)
  from space 1024K, 90% used [0x00000000eaf00000,0x00000000eafe6900,0x00000000eb000000)
  to   space 1024K, 0% used [0x00000000eae00000,0x00000000eae00000,0x00000000eaf00000)
 ParOldGen       total 147968K, used 137660K [0x00000000c0000000, 0x00000000c9080000, 0x00000000eab00000)
  object space 147968K, 93% used [0x00000000c0000000,0x00000000c866f200,0x00000000c9080000)
 Metaspace       used 79922K, committed 81152K, reserved 1122304K
  class space    used 8276K, committed 8832K, reserved 1048576K
}
Event: 21.002 GC heap before
{Heap before GC invocations=253 (full 11):
 PSYoungGen      total 3584K, used 3482K [0x00000000eab00000, 0x00000000eb000000, 0x0000000100000000)
  eden space 2560K, 100% used [0x00000000eab00000,0x00000000ead80000,0x00000000ead80000)
  from space 1024K, 90% used [0x00000000eaf00000,0x00000000eafe6900,0x00000000eb000000)
  to   space 1024K, 0% used [0x00000000eae00000,0x00000000eae00000,0x00000000eaf00000)
 ParOldGen       total 147968K, used 137660K [0x00000000c0000000, 0x00000000c9080000, 0x00000000eab00000)
  object space 147968K, 93% used [0x00000000c0000000,0x00000000c866f200,0x00000000c9080000)
 Metaspace       used 79929K, committed 81216K, reserved 1122304K
  class space    used 8276K, committed 8832K, reserved 1048576K
}
Event: 21.004 GC heap after
{Heap after GC invocations=253 (full 11):
 PSYoungGen      total 4096K, used 1008K [0x00000000eab00000, 0x00000000eb100000, 0x0000000100000000)
  eden space 3072K, 0% used [0x00000000eab00000,0x00000000eab00000,0x00000000eae00000)
  from space 1024K, 98% used [0x00000000eae00000,0x00000000eaefc010,0x00000000eaf00000)
  to   space 1536K, 0% used [0x00000000eaf80000,0x00000000eaf80000,0x00000000eb100000)
 ParOldGen       total 147968K, used 138453K [0x00000000c0000000, 0x00000000c9080000, 0x00000000eab00000)
  object space 147968K, 93% used [0x00000000c0000000,0x00000000c8735640,0x00000000c9080000)
 Metaspace       used 79929K, committed 81216K, reserved 1122304K
  class space    used 8276K, committed 8832K, reserved 1048576K
}
Event: 21.092 GC heap before
{Heap before GC invocations=254 (full 11):
 PSYoungGen      total 4096K, used 4079K [0x00000000eab00000, 0x00000000eb100000, 0x0000000100000000)
  eden space 3072K, 99% used [0x00000000eab00000,0x00000000eadfffe8,0x00000000eae00000)
  from space 1024K, 98% used [0x00000000eae00000,0x00000000eaefc010,0x00000000eaf00000)
  to   space 1536K, 0% used [0x00000000eaf80000,0x00000000eaf80000,0x00000000eb100000)
 ParOldGen       total 147968K, used 138453K [0x00000000c0000000, 0x00000000c9080000, 0x00000000eab00000)
  object space 147968K, 93% used [0x00000000c0000000,0x00000000c8735640,0x00000000c9080000)
 Metaspace       used 79954K, committed 81216K, reserved 1122304K
  class space    used 8283K, committed 8832K, reserved 1048576K
}
Event: 21.093 GC heap after
{Heap after GC invocations=254 (full 11):
 PSYoungGen      total 4096K, used 842K [0x00000000eab00000, 0x00000000eb080000, 0x0000000100000000)
  eden space 3072K, 0% used [0x00000000eab00000,0x00000000eab00000,0x00000000eae00000)
  from space 1024K, 82% used [0x00000000eaf80000,0x00000000eb052910,0x00000000eb080000)
  to   space 1024K, 0% used [0x00000000eae00000,0x00000000eae00000,0x00000000eaf00000)
 ParOldGen       total 147968K, used 139339K [0x00000000c0000000, 0x00000000c9080000, 0x00000000eab00000)
  object space 147968K, 94% used [0x00000000c0000000,0x00000000c8812fc0,0x00000000c9080000)
 Metaspace       used 79954K, committed 81216K, reserved 1122304K
  class space    used 8283K, committed 8832K, reserved 1048576K
}
Event: 21.106 GC heap before
{Heap before GC invocations=255 (full 11):
 PSYoungGen      total 4096K, used 3914K [0x00000000eab00000, 0x00000000eb080000, 0x0000000100000000)
  eden space 3072K, 100% used [0x00000000eab00000,0x00000000eae00000,0x00000000eae00000)
  from space 1024K, 82% used [0x00000000eaf80000,0x00000000eb052910,0x00000000eb080000)
  to   space 1024K, 0% used [0x00000000eae00000,0x00000000eae00000,0x00000000eaf00000)
 ParOldGen       total 147968K, used 139339K [0x00000000c0000000, 0x00000000c9080000, 0x00000000eab00000)
  object space 147968K, 94% used [0x00000000c0000000,0x00000000c8812fc0,0x00000000c9080000)
 Metaspace       used 79960K, committed 81216K, reserved 1122304K
  class space    used 8283K, committed 8832K, reserved 1048576K
}
Event: 21.107 GC heap after
{Heap after GC invocations=255 (full 11):
 PSYoungGen      total 4096K, used 1024K [0x00000000eab00000, 0x00000000eb200000, 0x0000000100000000)
  eden space 3072K, 0% used [0x00000000eab00000,0x00000000eab00000,0x00000000eae00000)
  from space 1024K, 100% used [0x00000000eae00000,0x00000000eaf00000,0x00000000eaf00000)
  to   space 2048K, 0% used [0x00000000eb000000,0x00000000eb000000,0x00000000eb200000)
 ParOldGen       total 147968K, used 140095K [0x00000000c0000000, 0x00000000c9080000, 0x00000000eab00000)
  object space 147968K, 94% used [0x00000000c0000000,0x00000000c88cfd68,0x00000000c9080000)
 Metaspace       used 79960K, committed 81216K, reserved 1122304K
  class space    used 8283K, committed 8832K, reserved 1048576K
}
Event: 21.120 GC heap before
{Heap before GC invocations=256 (full 11):
 PSYoungGen      total 4096K, used 4096K [0x00000000eab00000, 0x00000000eb200000, 0x0000000100000000)
  eden space 3072K, 100% used [0x00000000eab00000,0x00000000eae00000,0x00000000eae00000)
  from space 1024K, 100% used [0x00000000eae00000,0x00000000eaf00000,0x00000000eaf00000)
  to   space 2048K, 0% used [0x00000000eb000000,0x00000000eb000000,0x00000000eb200000)
 ParOldGen       total 147968K, used 140095K [0x00000000c0000000, 0x00000000c9080000, 0x00000000eab00000)
  object space 147968K, 94% used [0x00000000c0000000,0x00000000c88cfd68,0x00000000c9080000)
 Metaspace       used 80014K, committed 81280K, reserved 1122304K
  class space    used 8283K, committed 8832K, reserved 1048576K
}
Event: 21.122 GC heap after
{Heap after GC invocations=256 (full 11):
 PSYoungGen      total 4608K, used 1216K [0x00000000eab00000, 0x00000000eb180000, 0x0000000100000000)
  eden space 3072K, 0% used [0x00000000eab00000,0x00000000eab00000,0x00000000eae00000)
  from space 1536K, 79% used [0x00000000eb000000,0x00000000eb130020,0x00000000eb180000)
  to   space 1536K, 0% used [0x00000000eae80000,0x00000000eae80000,0x00000000eb000000)
 ParOldGen       total 147968K, used 141149K [0x00000000c0000000, 0x00000000c9080000, 0x00000000eab00000)
  object space 147968K, 95% used [0x00000000c0000000,0x00000000c89d7470,0x00000000c9080000)
 Metaspace       used 80014K, committed 81280K, reserved 1122304K
  class space    used 8283K, committed 8832K, reserved 1048576K
}
Event: 21.136 GC heap before
{Heap before GC invocations=257 (full 11):
 PSYoungGen      total 4608K, used 4288K [0x00000000eab00000, 0x00000000eb180000, 0x0000000100000000)
  eden space 3072K, 100% used [0x00000000eab00000,0x00000000eae00000,0x00000000eae00000)
  from space 1536K, 79% used [0x00000000eb000000,0x00000000eb130020,0x00000000eb180000)
  to   space 1536K, 0% used [0x00000000eae80000,0x00000000eae80000,0x00000000eb000000)
 ParOldGen       total 147968K, used 141149K [0x00000000c0000000, 0x00000000c9080000, 0x00000000eab00000)
  object space 147968K, 95% used [0x00000000c0000000,0x00000000c89d7470,0x00000000c9080000)
 Metaspace       used 80032K, committed 81280K, reserved 1122304K
  class space    used 8283K, committed 8832K, reserved 1048576K
}
Event: 21.137 GC heap after
{Heap after GC invocations=257 (full 11):
 PSYoungGen      total 4608K, used 1248K [0x00000000eab00000, 0x00000000eb100000, 0x0000000100000000)
  eden space 3072K, 0% used [0x00000000eab00000,0x00000000eab00000,0x00000000eae00000)
  from space 1536K, 81% used [0x00000000eae80000,0x00000000eafb8000,0x00000000eb000000)
  to   space 1024K, 0% used [0x00000000eb000000,0x00000000eb000000,0x00000000eb100000)
 ParOldGen       total 147968K, used 142268K [0x00000000c0000000, 0x00000000c9080000, 0x00000000eab00000)
  object space 147968K, 96% used [0x00000000c0000000,0x00000000c8aef0f0,0x00000000c9080000)
 Metaspace       used 80032K, committed 81280K, reserved 1122304K
  class space    used 8283K, committed 8832K, reserved 1048576K
}
Event: 21.417 GC heap before
{Heap before GC invocations=258 (full 11):
 PSYoungGen      total 4608K, used 4320K [0x00000000eab00000, 0x00000000eb100000, 0x0000000100000000)
  eden space 3072K, 100% used [0x00000000eab00000,0x00000000eae00000,0x00000000eae00000)
  from space 1536K, 81% used [0x00000000eae80000,0x00000000eafb8000,0x00000000eb000000)
  to   space 1024K, 0% used [0x00000000eb000000,0x00000000eb000000,0x00000000eb100000)
 ParOldGen       total 147968K, used 142268K [0x00000000c0000000, 0x00000000c9080000, 0x00000000eab00000)
  object space 147968K, 96% used [0x00000000c0000000,0x00000000c8aef0f0,0x00000000c9080000)
 Metaspace       used 80036K, committed 81280K, reserved 1122304K
  class space    used 8283K, committed 8832K, reserved 1048576K
}
Event: 21.418 GC heap after
{Heap after GC invocations=258 (full 11):
 PSYoungGen      total 3072K, used 998K [0x00000000eab00000, 0x00000000eb400000, 0x0000000100000000)
  eden space 2048K, 0% used [0x00000000eab00000,0x00000000eab00000,0x00000000ead00000)
  from space 1024K, 97% used [0x00000000eb000000,0x00000000eb0f9bb0,0x00000000eb100000)
  to   space 3072K, 0% used [0x00000000ead00000,0x00000000ead00000,0x00000000eb000000)
 ParOldGen       total 147968K, used 143775K [0x00000000c0000000, 0x00000000c9080000, 0x00000000eab00000)
  object space 147968K, 97% used [0x00000000c0000000,0x00000000c8c67f80,0x00000000c9080000)
 Metaspace       used 80036K, committed 81280K, reserved 1122304K
  class space    used 8283K, committed 8832K, reserved 1048576K
}
Event: 21.421 GC heap before
{Heap before GC invocations=259 (full 11):
 PSYoungGen      total 3072K, used 3046K [0x00000000eab00000, 0x00000000eb400000, 0x0000000100000000)
  eden space 2048K, 100% used [0x00000000eab00000,0x00000000ead00000,0x00000000ead00000)
  from space 1024K, 97% used [0x00000000eb000000,0x00000000eb0f9bb0,0x00000000eb100000)
  to   space 3072K, 0% used [0x00000000ead00000,0x00000000ead00000,0x00000000eb000000)
 ParOldGen       total 147968K, used 143775K [0x00000000c0000000, 0x00000000c9080000, 0x00000000eab00000)
  object space 147968K, 97% used [0x00000000c0000000,0x00000000c8c67f80,0x00000000c9080000)
 Metaspace       used 80036K, committed 81280K, reserved 1122304K
  class space    used 8283K, committed 8832K, reserved 1048576K
}
Event: 21.424 GC heap after
{Heap after GC invocations=259 (full 11):
 PSYoungGen      total 5120K, used 2208K [0x00000000eab00000, 0x00000000eb280000, 0x0000000100000000)
  eden space 2048K, 0% used [0x00000000eab00000,0x00000000eab00000,0x00000000ead00000)
  from space 3072K, 71% used [0x00000000ead00000,0x00000000eaf28000,0x00000000eb000000)
  to   space 2560K, 0% used [0x00000000eb000000,0x00000000eb000000,0x00000000eb280000)
 ParOldGen       total 147968K, used 144820K [0x00000000c0000000, 0x00000000c9080000, 0x00000000eab00000)
  object space 147968K, 97% used [0x00000000c0000000,0x00000000c8d6d330,0x00000000c9080000)
 Metaspace       used 80036K, committed 81280K, reserved 1122304K
  class space    used 8283K, committed 8832K, reserved 1048576K
}
Event: 21.428 GC heap before
{Heap before GC invocations=260 (full 11):
 PSYoungGen      total 5120K, used 4256K [0x00000000eab00000, 0x00000000eb280000, 0x0000000100000000)
  eden space 2048K, 100% used [0x00000000eab00000,0x00000000ead00000,0x00000000ead00000)
  from space 3072K, 71% used [0x00000000ead00000,0x00000000eaf28000,0x00000000eb000000)
  to   space 2560K, 0% used [0x00000000eb000000,0x00000000eb000000,0x00000000eb280000)
 ParOldGen       total 147968K, used 144820K [0x00000000c0000000, 0x00000000c9080000, 0x00000000eab00000)
  object space 147968K, 97% used [0x00000000c0000000,0x00000000c8d6d330,0x00000000c9080000)
 Metaspace       used 80036K, committed 81280K, reserved 1122304K
  class space    used 8283K, committed 8832K, reserved 1048576K
}

